\BOOKMARK [1][-]{section.1}{\376\377\000I\000n\000t\000r\000o\000d\000u\000c\000t\000i\000o\000n}{}% 1
\BOOKMARK [1][-]{section.2}{\376\377\000B\000a\000c\000k\000g\000r\000o\000u\000n\000d}{}% 2
\BOOKMARK [2][-]{subsection.2.1}{\376\377\000F\000o\000r\000m\000a\000l\000\040\000l\000a\000n\000g\000u\000a\000g\000e}{section.2}% 3
\BOOKMARK [2][-]{subsection.2.2}{\376\377\000F\000o\000r\000m\000a\000l\000\040\000g\000r\000a\000m\000m\000a\000r}{section.2}% 4
\BOOKMARK [2][-]{subsection.2.3}{\376\377\000C\000h\000o\000m\000s\000k\000y\000-\000N\000o\000r\000m\000a\000l\000-\000F\000o\000r\000m}{section.2}% 5
\BOOKMARK [2][-]{subsection.2.4}{\376\377\000C\000Y\000K\000-\000a\000l\000g\000o\000r\000i\000t\000h\000m}{section.2}% 6
\BOOKMARK [2][-]{subsection.2.5}{\376\377\000D\000y\000n\000a\000m\000i\000c\000\040\000p\000r\000o\000g\000r\000a\000m\000m\000i\000n\000g}{section.2}% 7
\BOOKMARK [1][-]{section.3}{\376\377\000S\000y\000s\000t\000e\000m\000\040\000D\000e\000s\000i\000g\000n}{}% 8
\BOOKMARK [2][-]{subsection.3.1}{\376\377\000M\000a\000i\000n}{section.3}% 9
\BOOKMARK [2][-]{subsection.3.2}{\376\377\000G\000r\000a\000m\000m\000a\000r}{section.3}% 10
\BOOKMARK [2][-]{subsection.3.3}{\376\377\000P\000a\000r\000s\000e\000r}{section.3}% 11
\BOOKMARK [3][-]{subsubsection.3.3.1}{\376\377\000N\000a\000i\000v\000e}{subsection.3.3}% 12
\BOOKMARK [3][-]{subsubsection.3.3.2}{\376\377\000T\000o\000p\000-\000D\000o\000w\000n}{subsection.3.3}% 13
\BOOKMARK [3][-]{subsubsection.3.3.3}{\376\377\000B\000o\000t\000t\000o\000m\000-\000U\000p}{subsection.3.3}% 14
\BOOKMARK [1][-]{section.4}{\376\377\000E\000v\000a\000l\000u\000a\000t\000i\000o\000n}{}% 15
\BOOKMARK [2][-]{subsection.4.1}{\376\377\000E\000x\000p\000e\000r\000i\000m\000e\000n\000t\000s}{section.4}% 16
\BOOKMARK [2][-]{subsection.4.2}{\376\377\000R\000u\000n\000t\000i\000m\000e\000s}{section.4}% 17
\BOOKMARK [1][-]{section.5}{\376\377\000C\000o\000n\000c\000l\000u\000s\000i\000o\000n\000\040\000a\000n\000d\000\040\000F\000u\000t\000u\000r\000e\000\040\000W\000o\000r\000k}{}% 18
\BOOKMARK [2][-]{subsection.5.1}{\376\377\000C\000o\000n\000c\000l\000u\000s\000i\000o\000n}{section.5}% 19
\BOOKMARK [2][-]{subsection.5.2}{\376\377\000F\000u\000t\000u\000r\000e\000\040\000w\000o\000r\000k}{section.5}% 20
\BOOKMARK [1][-]{appendix.A}{\376\377\000H\000o\000w\000\040\000t\000o\000\040\000u\000s\000e\000\040\000t\000h\000e\000\040\000c\000o\000d\000e\000?}{}% 21
\BOOKMARK [1][-]{appendix.B}{\376\377\000G\000r\000a\000p\000h\000s\000\040\000a\000n\000d\000\040\000a\000d\000d\000i\000t\000i\000o\000n\000a\000l\000\040\000r\000e\000s\000u\000l\000t\000s}{}% 22
\BOOKMARK [1][-]{appendix.C}{\376\377\000C\000a\000l\000c\000u\000l\000a\000t\000i\000o\000n\000s}{}% 23
\BOOKMARK [2][-]{subsection.C.1}{\376\377\000C\000N\000F\000\040\000A\000l\000g\000o\000r\000i\000t\000h\000m\000\040\000o\000n\000\040\000a\000n\000\040\000e\000x\000a\000m\000p\000l\000e}{appendix.C}% 24
\BOOKMARK [1][-]{section*.1}{\376\377\000B\000i\000b\000l\000i\000o\000g\000r\000a\000p\000h\000y}{}% 25
